<?xml version="1.0" encoding="UTF-8"?>
<!-- Generated by org.testng.reporters.JUnitReportReporter -->
<testsuite hostname="DESKTOP-P7GG8UH" failures="0" tests="1" name="tests.AddToCartTest" time="3.538" errors="0" timestamp="2025-09-26T21:26:01 IST" skipped="0">
  <testcase classname="tests.AddToCartTest" name="addProductToCartTest" time="3.538"/>
  <system-out/>
</testsuite> <!-- tests.AddToCartTest -->
